<?xml version="1.0" encoding="UTF-8"?>
<testsuite xmlns:xsi="http://www.w3.org/2001/XMLSchema-instance" xsi:noNamespaceSchemaLocation="https://maven.apache.org/surefire/maven-surefire-plugin/xsd/surefire-test-report-3.0.xsd" version="3.0" name="TestSuite" time="9.345" tests="3" errors="0" skipped="1" failures="2">
  <properties>
[...]
</properties>
  <testcase name="failTest" classname="com.tests.LoginTC" time="0.014">
    <failure type="java.lang.NullPointerException"><![CDATA[java.lang.NullPointerException
	at com.tests.LoginTC.failTest(LoginTC.java:34)
]]></failure>
    <system-out><![CDATA[initializing browser
06-29-2022 13:10:39 BaseClass.java INFO  [main] base.BaseClass 26 - initializing browser
06-29-2022 13:10:47 _Log4jLoggerFactory.java DEBUG [main] freemarker.cache 45 - Couldn't find template in cache for "spark/spark.spa.ftl"("en_IN", UTF-8, parsed); will try to load it.
06-29-2022 13:10:47 _Log4jLoggerFactory.java DEBUG [main] freemarker.cache 45 - TemplateLoader.findTemplateSource("spark/spark.spa_en_IN.ftl"): Not found
06-29-2022 13:10:47 _Log4jLoggerFactory.java DEBUG [main] freemarker.cache 45 - TemplateLoader.findTemplateSource("spark/spark.spa_en.ftl"): Not found
06-29-2022 13:10:47 _Log4jLoggerFactory.java DEBUG [main] freemarker.cache 45 - TemplateLoader.findTemplateSource("spark/spark.spa.ftl"): Found
06-29-2022 13:10:47 _Log4jLoggerFactory.java DEBUG [main] freemarker.cache 45 - Loading template for "spark/spark.spa.ftl"("en_IN", UTF-8, parsed) from "jar:file:/C:/Users/Roshan/.m2/repository/com/aventstack/extentreports/5.0.8/extentreports-5.0.8.jar!/com/aventstack/extentreports/templates/spark/spark.spa.ftl"
06-29-2022 13:10:47 _Log4jLoggerFactory.java DEBUG [main] freemarker.cache 45 - Couldn't find template in cache for "commons/commons-variables.ftl"("en_IN", UTF-8, parsed); will try to load it.
06-29-2022 13:10:47 _Log4jLoggerFactory.java DEBUG [main] freemarker.cache 45 - TemplateLoader.findTemplateSource("commons/commons-variables_en_IN.ftl"): Not found
06-29-2022 13:10:47 _Log4jLoggerFactory.java DEBUG [main] freemarker.cache 45 - TemplateLoader.findTemplateSource("commons/commons-variables_en.ftl"): Not found
06-29-2022 13:10:47 _Log4jLoggerFactory.java DEBUG [main] freemarker.cache 45 - TemplateLoader.findTemplateSource("commons/commons-variables.ftl"): Found
06-29-2022 13:10:47 _Log4jLoggerFactory.java DEBUG [main] freemarker.cache 45 - Loading template for "commons/commons-variables.ftl"("en_IN", UTF-8, parsed) from "jar:file:/C:/Users/Roshan/.m2/repository/com/aventstack/extentreports/5.0.8/extentreports-5.0.8.jar!/com/aventstack/extentreports/templates/commons/commons-variables.ftl"
06-29-2022 13:10:47 _Log4jLoggerFactory.java DEBUG [main] freemarker.cache 45 - Couldn't find template in cache for "commons/commons-macros.ftl"("en_IN", UTF-8, parsed); will try to load it.
06-29-2022 13:10:47 _Log4jLoggerFactory.java DEBUG [main] freemarker.cache 45 - TemplateLoader.findTemplateSource("commons/commons-macros_en_IN.ftl"): Not found
06-29-2022 13:10:47 _Log4jLoggerFactory.java DEBUG [main] freemarker.cache 45 - TemplateLoader.findTemplateSource("commons/commons-macros_en.ftl"): Not found
06-29-2022 13:10:47 _Log4jLoggerFactory.java DEBUG [main] freemarker.cache 45 - TemplateLoader.findTemplateSource("commons/commons-macros.ftl"): Found
06-29-2022 13:10:47 _Log4jLoggerFactory.java DEBUG [main] freemarker.cache 45 - Loading template for "commons/commons-macros.ftl"("en_IN", UTF-8, parsed) from "jar:file:/C:/Users/Roshan/.m2/repository/com/aventstack/extentreports/5.0.8/extentreports-5.0.8.jar!/com/aventstack/extentreports/templates/commons/commons-macros.ftl"
06-29-2022 13:10:47 _Log4jLoggerFactory.java DEBUG [main] freemarker.cache 45 - Couldn't find template in cache for "spark/macros/attributes.ftl"("en_IN", UTF-8, parsed); will try to load it.
06-29-2022 13:10:47 _Log4jLoggerFactory.java DEBUG [main] freemarker.cache 45 - TemplateLoader.findTemplateSource("spark/macros/attributes_en_IN.ftl"): Not found
06-29-2022 13:10:47 _Log4jLoggerFactory.java DEBUG [main] freemarker.cache 45 - TemplateLoader.findTemplateSource("spark/macros/attributes_en.ftl"): Not found
06-29-2022 13:10:47 _Log4jLoggerFactory.java DEBUG [main] freemarker.cache 45 - TemplateLoader.findTemplateSource("spark/macros/attributes.ftl"): Found
06-29-2022 13:10:47 _Log4jLoggerFactory.java DEBUG [main] freemarker.cache 45 - Loading template for "spark/macros/attributes.ftl"("en_IN", UTF-8, parsed) from "jar:file:/C:/Users/Roshan/.m2/repository/com/aventstack/extentreports/5.0.8/extentreports-5.0.8.jar!/com/aventstack/extentreports/templates/spark/macros/attributes.ftl"
06-29-2022 13:10:47 _Log4jLoggerFactory.java DEBUG [main] freemarker.cache 45 - Couldn't find template in cache for "spark/macros/log.ftl"("en_IN", UTF-8, parsed); will try to load it.
06-29-2022 13:10:47 _Log4jLoggerFactory.java DEBUG [main] freemarker.cache 45 - TemplateLoader.findTemplateSource("spark/macros/log_en_IN.ftl"): Not found
06-29-2022 13:10:47 _Log4jLoggerFactory.java DEBUG [main] freemarker.cache 45 - TemplateLoader.findTemplateSource("spark/macros/log_en.ftl"): Not found
06-29-2022 13:10:47 _Log4jLoggerFactory.java DEBUG [main] freemarker.cache 45 - TemplateLoader.findTemplateSource("spark/macros/log.ftl"): Found
06-29-2022 13:10:47 _Log4jLoggerFactory.java DEBUG [main] freemarker.cache 45 - Loading template for "spark/macros/log.ftl"("en_IN", UTF-8, parsed) from "jar:file:/C:/Users/Roshan/.m2/repository/com/aventstack/extentreports/5.0.8/extentreports-5.0.8.jar!/com/aventstack/extentreports/templates/spark/macros/log.ftl"
06-29-2022 13:10:47 _Log4jLoggerFactory.java DEBUG [main] freemarker.cache 45 - Couldn't find template in cache for "spark/macros/recurse_nodes.ftl"("en_IN", UTF-8, parsed); will try to load it.
06-29-2022 13:10:47 _Log4jLoggerFactory.java DEBUG [main] freemarker.cache 45 - TemplateLoader.findTemplateSource("spark/macros/recurse_nodes_en_IN.ftl"): Not found
06-29-2022 13:10:47 _Log4jLoggerFactory.java DEBUG [main] freemarker.cache 45 - TemplateLoader.findTemplateSource("spark/macros/recurse_nodes_en.ftl"): Not found
06-29-2022 13:10:47 _Log4jLoggerFactory.java DEBUG [main] freemarker.cache 45 - TemplateLoader.findTemplateSource("spark/macros/recurse_nodes.ftl"): Found
06-29-2022 13:10:47 _Log4jLoggerFactory.java DEBUG [main] freemarker.cache 45 - Loading template for "spark/macros/recurse_nodes.ftl"("en_IN", UTF-8, parsed) from "jar:file:/C:/Users/Roshan/.m2/repository/com/aventstack/extentreports/5.0.8/extentreports-5.0.8.jar!/com/aventstack/extentreports/templates/spark/macros/recurse_nodes.ftl"
06-29-2022 13:10:47 _Log4jLoggerFactory.java DEBUG [main] freemarker.cache 45 - "spark/macros/log.ftl"("en_IN", UTF-8, parsed) cached copy not yet stale; using cached.
06-29-2022 13:10:47 _Log4jLoggerFactory.java DEBUG [main] freemarker.cache 45 - Couldn't find template in cache for "spark/macros/attr-common.ftl"("en_IN", UTF-8, parsed); will try to load it.
06-29-2022 13:10:47 _Log4jLoggerFactory.java DEBUG [main] freemarker.cache 45 - TemplateLoader.findTemplateSource("spark/macros/attr-common_en_IN.ftl"): Not found
06-29-2022 13:10:47 _Log4jLoggerFactory.java DEBUG [main] freemarker.cache 45 - TemplateLoader.findTemplateSource("spark/macros/attr-common_en.ftl"): Not found
06-29-2022 13:10:47 _Log4jLoggerFactory.java DEBUG [main] freemarker.cache 45 - TemplateLoader.findTemplateSource("spark/macros/attr-common.ftl"): Found
06-29-2022 13:10:47 _Log4jLoggerFactory.java DEBUG [main] freemarker.cache 45 - Loading template for "spark/macros/attr-common.ftl"("en_IN", UTF-8, parsed) from "jar:file:/C:/Users/Roshan/.m2/repository/com/aventstack/extentreports/5.0.8/extentreports-5.0.8.jar!/com/aventstack/extentreports/templates/spark/macros/attr-common.ftl"
06-29-2022 13:10:47 _Log4jLoggerFactory.java DEBUG [main] freemarker.cache 45 - Couldn't find template in cache for "spark/partials/head.ftl"("en_IN", UTF-8, parsed); will try to load it.
06-29-2022 13:10:47 _Log4jLoggerFactory.java DEBUG [main] freemarker.cache 45 - TemplateLoader.findTemplateSource("spark/partials/head_en_IN.ftl"): Not found
06-29-2022 13:10:47 _Log4jLoggerFactory.java DEBUG [main] freemarker.cache 45 - TemplateLoader.findTemplateSource("spark/partials/head_en.ftl"): Not found
06-29-2022 13:10:47 _Log4jLoggerFactory.java DEBUG [main] freemarker.cache 45 - TemplateLoader.findTemplateSource("spark/partials/head.ftl"): Found
06-29-2022 13:10:47 _Log4jLoggerFactory.java DEBUG [main] freemarker.cache 45 - Loading template for "spark/partials/head.ftl"("en_IN", UTF-8, parsed) from "jar:file:/C:/Users/Roshan/.m2/repository/com/aventstack/extentreports/5.0.8/extentreports-5.0.8.jar!/com/aventstack/extentreports/templates/spark/partials/head.ftl"
06-29-2022 13:10:47 _Log4jLoggerFactory.java DEBUG [main] freemarker.cache 45 - Couldn't find template in cache for "commons/commons-inject-css.ftl"("en_IN", UTF-8, parsed); will try to load it.
06-29-2022 13:10:47 _Log4jLoggerFactory.java DEBUG [main] freemarker.cache 45 - TemplateLoader.findTemplateSource("commons/commons-inject-css_en_IN.ftl"): Not found
06-29-2022 13:10:47 _Log4jLoggerFactory.java DEBUG [main] freemarker.cache 45 - TemplateLoader.findTemplateSource("commons/commons-inject-css_en.ftl"): Not found
06-29-2022 13:10:47 _Log4jLoggerFactory.java DEBUG [main] freemarker.cache 45 - TemplateLoader.findTemplateSource("commons/commons-inject-css.ftl"): Found
06-29-2022 13:10:47 _Log4jLoggerFactory.java DEBUG [main] freemarker.cache 45 - Loading template for "commons/commons-inject-css.ftl"("en_IN", UTF-8, parsed) from "jar:file:/C:/Users/Roshan/.m2/repository/com/aventstack/extentreports/5.0.8/extentreports-5.0.8.jar!/com/aventstack/extentreports/templates/commons/commons-inject-css.ftl"
06-29-2022 13:10:47 _Log4jLoggerFactory.java DEBUG [main] freemarker.cache 45 - Couldn't find template in cache for "spark/partials/navbar.ftl"("en_IN", UTF-8, parsed); will try to load it.
06-29-2022 13:10:47 _Log4jLoggerFactory.java DEBUG [main] freemarker.cache 45 - TemplateLoader.findTemplateSource("spark/partials/navbar_en_IN.ftl"): Not found
06-29-2022 13:10:47 _Log4jLoggerFactory.java DEBUG [main] freemarker.cache 45 - TemplateLoader.findTemplateSource("spark/partials/navbar_en.ftl"): Not found
06-29-2022 13:10:47 _Log4jLoggerFactory.java DEBUG [main] freemarker.cache 45 - TemplateLoader.findTemplateSource("spark/partials/navbar.ftl"): Found
06-29-2022 13:10:47 _Log4jLoggerFactory.java DEBUG [main] freemarker.cache 45 - Loading template for "spark/partials/navbar.ftl"("en_IN", UTF-8, parsed) from "jar:file:/C:/Users/Roshan/.m2/repository/com/aventstack/extentreports/5.0.8/extentreports-5.0.8.jar!/com/aventstack/extentreports/templates/spark/partials/navbar.ftl"
06-29-2022 13:10:47 _Log4jLoggerFactory.java DEBUG [main] freemarker.cache 45 - Couldn't find template in cache for "spark/partials/sidenav.ftl"("en_IN", UTF-8, parsed); will try to load it.
06-29-2022 13:10:47 _Log4jLoggerFactory.java DEBUG [main] freemarker.cache 45 - TemplateLoader.findTemplateSource("spark/partials/sidenav_en_IN.ftl"): Not found
06-29-2022 13:10:47 _Log4jLoggerFactory.java DEBUG [main] freemarker.cache 45 - TemplateLoader.findTemplateSource("spark/partials/sidenav_en.ftl"): Not found
06-29-2022 13:10:47 _Log4jLoggerFactory.java DEBUG [main] freemarker.cache 45 - TemplateLoader.findTemplateSource("spark/partials/sidenav.ftl"): Found
06-29-2022 13:10:47 _Log4jLoggerFactory.java DEBUG [main] freemarker.cache 45 - Loading template for "spark/partials/sidenav.ftl"("en_IN", UTF-8, parsed) from "jar:file:/C:/Users/Roshan/.m2/repository/com/aventstack/extentreports/5.0.8/extentreports-5.0.8.jar!/com/aventstack/extentreports/templates/spark/partials/sidenav.ftl"
06-29-2022 13:10:47 _Log4jLoggerFactory.java DEBUG [main] freemarker.cache 45 - Couldn't find template in cache for "spark/partials/test.ftl"("en_IN", UTF-8, parsed); will try to load it.
06-29-2022 13:10:47 _Log4jLoggerFactory.java DEBUG [main] freemarker.cache 45 - TemplateLoader.findTemplateSource("spark/partials/test_en_IN.ftl"): Not found
06-29-2022 13:10:47 _Log4jLoggerFactory.java DEBUG [main] freemarker.cache 45 - TemplateLoader.findTemplateSource("spark/partials/test_en.ftl"): Not found
06-29-2022 13:10:47 _Log4jLoggerFactory.java DEBUG [main] freemarker.cache 45 - TemplateLoader.findTemplateSource("spark/partials/test.ftl"): Found
06-29-2022 13:10:47 _Log4jLoggerFactory.java DEBUG [main] freemarker.cache 45 - Loading template for "spark/partials/test.ftl"("en_IN", UTF-8, parsed) from "jar:file:/C:/Users/Roshan/.m2/repository/com/aventstack/extentreports/5.0.8/extentreports-5.0.8.jar!/com/aventstack/extentreports/templates/spark/partials/test.ftl"
06-29-2022 13:10:47 _Log4jLoggerFactory.java DEBUG [main] freemarker.cache 45 - Couldn't find template in cache for "spark/partials/exception.ftl"("en_IN", UTF-8, parsed); will try to load it.
06-29-2022 13:10:47 _Log4jLoggerFactory.java DEBUG [main] freemarker.cache 45 - TemplateLoader.findTemplateSource("spark/partials/exception_en_IN.ftl"): Not found
06-29-2022 13:10:47 _Log4jLoggerFactory.java DEBUG [main] freemarker.cache 45 - TemplateLoader.findTemplateSource("spark/partials/exception_en.ftl"): Not found
06-29-2022 13:10:47 _Log4jLoggerFactory.java DEBUG [main] freemarker.cache 45 - TemplateLoader.findTemplateSource("spark/partials/exception.ftl"): Found
06-29-2022 13:10:47 _Log4jLoggerFactory.java DEBUG [main] freemarker.cache 45 - Loading template for "spark/partials/exception.ftl"("en_IN", UTF-8, parsed) from "jar:file:/C:/Users/Roshan/.m2/repository/com/aventstack/extentreports/5.0.8/extentreports-5.0.8.jar!/com/aventstack/extentreports/templates/spark/partials/exception.ftl"
06-29-2022 13:10:47 _Log4jLoggerFactory.java DEBUG [main] freemarker.cache 45 - Couldn't find template in cache for "spark/partials/category.ftl"("en_IN", UTF-8, parsed); will try to load it.
06-29-2022 13:10:47 _Log4jLoggerFactory.java DEBUG [main] freemarker.cache 45 - TemplateLoader.findTemplateSource("spark/partials/category_en_IN.ftl"): Not found
06-29-2022 13:10:47 _Log4jLoggerFactory.java DEBUG [main] freemarker.cache 45 - TemplateLoader.findTemplateSource("spark/partials/category_en.ftl"): Not found
06-29-2022 13:10:47 _Log4jLoggerFactory.java DEBUG [main] freemarker.cache 45 - TemplateLoader.findTemplateSource("spark/partials/category.ftl"): Found
06-29-2022 13:10:47 _Log4jLoggerFactory.java DEBUG [main] freemarker.cache 45 - Loading template for "spark/partials/category.ftl"("en_IN", UTF-8, parsed) from "jar:file:/C:/Users/Roshan/.m2/repository/com/aventstack/extentreports/5.0.8/extentreports-5.0.8.jar!/com/aventstack/extentreports/templates/spark/partials/category.ftl"
06-29-2022 13:10:47 _Log4jLoggerFactory.java DEBUG [main] freemarker.cache 45 - Couldn't find template in cache for "spark/partials/device.ftl"("en_IN", UTF-8, parsed); will try to load it.
06-29-2022 13:10:47 _Log4jLoggerFactory.java DEBUG [main] freemarker.cache 45 - TemplateLoader.findTemplateSource("spark/partials/device_en_IN.ftl"): Not found
06-29-2022 13:10:47 _Log4jLoggerFactory.java DEBUG [main] freemarker.cache 45 - TemplateLoader.findTemplateSource("spark/partials/device_en.ftl"): Not found
06-29-2022 13:10:47 _Log4jLoggerFactory.java DEBUG [main] freemarker.cache 45 - TemplateLoader.findTemplateSource("spark/partials/device.ftl"): Found
06-29-2022 13:10:47 _Log4jLoggerFactory.java DEBUG [main] freemarker.cache 45 - Loading template for "spark/partials/device.ftl"("en_IN", UTF-8, parsed) from "jar:file:/C:/Users/Roshan/.m2/repository/com/aventstack/extentreports/5.0.8/extentreports-5.0.8.jar!/com/aventstack/extentreports/templates/spark/partials/device.ftl"
06-29-2022 13:10:47 _Log4jLoggerFactory.java DEBUG [main] freemarker.cache 45 - Couldn't find template in cache for "spark/partials/author.ftl"("en_IN", UTF-8, parsed); will try to load it.
06-29-2022 13:10:47 _Log4jLoggerFactory.java DEBUG [main] freemarker.cache 45 - TemplateLoader.findTemplateSource("spark/partials/author_en_IN.ftl"): Not found
06-29-2022 13:10:47 _Log4jLoggerFactory.java DEBUG [main] freemarker.cache 45 - TemplateLoader.findTemplateSource("spark/partials/author_en.ftl"): Not found
06-29-2022 13:10:47 _Log4jLoggerFactory.java DEBUG [main] freemarker.cache 45 - TemplateLoader.findTemplateSource("spark/partials/author.ftl"): Found
06-29-2022 13:10:47 _Log4jLoggerFactory.java DEBUG [main] freemarker.cache 45 - Loading template for "spark/partials/author.ftl"("en_IN", UTF-8, parsed) from "jar:file:/C:/Users/Roshan/.m2/repository/com/aventstack/extentreports/5.0.8/extentreports-5.0.8.jar!/com/aventstack/extentreports/templates/spark/partials/author.ftl"
06-29-2022 13:10:47 _Log4jLoggerFactory.java DEBUG [main] freemarker.cache 45 - Couldn't find template in cache for "spark/partials/log.ftl"("en_IN", UTF-8, parsed); will try to load it.
06-29-2022 13:10:47 _Log4jLoggerFactory.java DEBUG [main] freemarker.cache 45 - TemplateLoader.findTemplateSource("spark/partials/log_en_IN.ftl"): Not found
06-29-2022 13:10:47 _Log4jLoggerFactory.java DEBUG [main] freemarker.cache 45 - TemplateLoader.findTemplateSource("spark/partials/log_en.ftl"): Not found
06-29-2022 13:10:47 _Log4jLoggerFactory.java DEBUG [main] freemarker.cache 45 - TemplateLoader.findTemplateSource("spark/partials/log.ftl"): Found
06-29-2022 13:10:47 _Log4jLoggerFactory.java DEBUG [main] freemarker.cache 45 - Loading template for "spark/partials/log.ftl"("en_IN", UTF-8, parsed) from "jar:file:/C:/Users/Roshan/.m2/repository/com/aventstack/extentreports/5.0.8/extentreports-5.0.8.jar!/com/aventstack/extentreports/templates/spark/partials/log.ftl"
06-29-2022 13:10:47 _Log4jLoggerFactory.java DEBUG [main] freemarker.cache 45 - Couldn't find template in cache for "spark/partials/dashboard.ftl"("en_IN", UTF-8, parsed); will try to load it.
06-29-2022 13:10:47 _Log4jLoggerFactory.java DEBUG [main] freemarker.cache 45 - TemplateLoader.findTemplateSource("spark/partials/dashboard_en_IN.ftl"): Not found
06-29-2022 13:10:47 _Log4jLoggerFactory.java DEBUG [main] freemarker.cache 45 - TemplateLoader.findTemplateSource("spark/partials/dashboard_en.ftl"): Not found
06-29-2022 13:10:47 _Log4jLoggerFactory.java DEBUG [main] freemarker.cache 45 - TemplateLoader.findTemplateSource("spark/partials/dashboard.ftl"): Found
06-29-2022 13:10:47 _Log4jLoggerFactory.java DEBUG [main] freemarker.cache 45 - Loading template for "spark/partials/dashboard.ftl"("en_IN", UTF-8, parsed) from "jar:file:/C:/Users/Roshan/.m2/repository/com/aventstack/extentreports/5.0.8/extentreports-5.0.8.jar!/com/aventstack/extentreports/templates/spark/partials/dashboard.ftl"
06-29-2022 13:10:47 _Log4jLoggerFactory.java DEBUG [main] freemarker.cache 45 - Couldn't find template in cache for "spark/partials/scripts.ftl"("en_IN", UTF-8, parsed); will try to load it.
06-29-2022 13:10:47 _Log4jLoggerFactory.java DEBUG [main] freemarker.cache 45 - TemplateLoader.findTemplateSource("spark/partials/scripts_en_IN.ftl"): Not found
06-29-2022 13:10:47 _Log4jLoggerFactory.java DEBUG [main] freemarker.cache 45 - TemplateLoader.findTemplateSource("spark/partials/scripts_en.ftl"): Not found
06-29-2022 13:10:47 _Log4jLoggerFactory.java DEBUG [main] freemarker.cache 45 - TemplateLoader.findTemplateSource("spark/partials/scripts.ftl"): Found
06-29-2022 13:10:47 _Log4jLoggerFactory.java DEBUG [main] freemarker.cache 45 - Loading template for "spark/partials/scripts.ftl"("en_IN", UTF-8, parsed) from "jar:file:/C:/Users/Roshan/.m2/repository/com/aventstack/extentreports/5.0.8/extentreports-5.0.8.jar!/com/aventstack/extentreports/templates/spark/partials/scripts.ftl"
06-29-2022 13:10:47 _Log4jLoggerFactory.java DEBUG [main] freemarker.cache 45 - Couldn't find template in cache for "commons/commons-inject-js.ftl"("en_IN", UTF-8, parsed); will try to load it.
06-29-2022 13:10:47 _Log4jLoggerFactory.java DEBUG [main] freemarker.cache 45 - TemplateLoader.findTemplateSource("commons/commons-inject-js_en_IN.ftl"): Not found
06-29-2022 13:10:47 _Log4jLoggerFactory.java DEBUG [main] freemarker.cache 45 - TemplateLoader.findTemplateSource("commons/commons-inject-js_en.ftl"): Not found
06-29-2022 13:10:47 _Log4jLoggerFactory.java DEBUG [main] freemarker.cache 45 - TemplateLoader.findTemplateSource("commons/commons-inject-js.ftl"): Found
06-29-2022 13:10:47 _Log4jLoggerFactory.java DEBUG [main] freemarker.cache 45 - Loading template for "commons/commons-inject-js.ftl"("en_IN", UTF-8, parsed) from "jar:file:/C:/Users/Roshan/.m2/repository/com/aventstack/extentreports/5.0.8/extentreports-5.0.8.jar!/com/aventstack/extentreports/templates/commons/commons-inject-js.ftl"
]]></system-out>
    <system-err><![CDATA[Starting ChromeDriver 102.0.5005.61 (0e59bcc00cc4985ce39ad31c150065f159d95ad3-refs/branch-heads/5005@{#819}) on port 16593
Only local connections are allowed.
Please see https://chromedriver.chromium.org/security-considerations for suggestions on keeping ChromeDriver safe.
ChromeDriver was started successfully.
Jun 29, 2022 1:10:43 PM org.openqa.selenium.remote.ProtocolHandshake createSession
INFO: Detected dialect: W3C
]]></system-err>
  </testcase>
  <testcase name="passTest" classname="com.tests.LoginTC" time="0">
    <failure type="java.lang.NullPointerException"><![CDATA[java.lang.NullPointerException
	at com.tests.LoginTC.passTest(LoginTC.java:28)
]]></failure>
  </testcase>
  <testcase name="skipTest" classname="com.tests.LoginTC" time="0">
    <skipped message="skipping TC"/>
  </testcase>
</testsuite>