<?xml version="1.0" encoding="UTF-8"?>
<!-- Generated by org.testng.reporters.JUnitXMLReporter -->
<testsuite hostname="DESKTOP-00P6QBP" ignored="0" name="Test" tests="3" failures="1" timestamp="01 Jul 2022 12:12:22 GMT" time="1.675" errors="0">
  <testcase name="failTest" time="0.021" classname="com.tests.LoginTC">
    <failure type="java.lang.AssertionError" message="expected [true] but found [false]">
      <![CDATA[java.lang.AssertionError: expected [true] but found [false]
at com.tests.LoginTC.failTest(LoginTC.java:35)
... Removed 29 stack frames]]>
    </failure>
  </testcase> <!-- failTest -->
  <testcase name="passTest" time="1.35" classname="com.tests.LoginTC"/>
  <testcase name="skipTest" time="0.002" classname="com.tests.LoginTC">
    <skipped/>
  </testcase> <!-- skipTest -->
</testsuite> <!-- Test -->
